This file contains any messages produced by compilers while
running configure, to aid debugging if configure makes a mistake.

It was created by configure, which was
generated by GNU Autoconf 2.69.  Invocation command line was

  $ ./configure --with-openssl=/usr/local/opt/openssl

## --------- ##
## Platform. ##
## --------- ##

hostname = Jamess-MacBook-Pro-2.local
uname -m = x86_64
uname -r = 17.4.0
uname -s = Darwin
uname -v = Darwin Kernel Version 17.4.0: Sun Dec 17 09:19:54 PST 2017; root:xnu-4570.41.2~1/RELEASE_X86_64

/usr/bin/uname -p = i386
/bin/uname -X     = unknown

/bin/arch              = unknown
/usr/bin/arch -k       = unknown
/usr/convex/getsysinfo = unknown
/usr/bin/hostinfo      = Mach kernel version:
	 Darwin Kernel Version 17.4.0: Sun Dec 17 09:19:54 PST 2017; root:xnu-4570.41.2~1/RELEASE_X86_64
Kernel configured for up to 8 processors.
4 processors are physically available.
8 processors are logically available.
Processor type: x86_64h (Intel x86-64h Haswell)
Processors active: 0 1 2 3 4 5 6 7
Primary memory available: 16.00 gigabytes
Default processor set: 368 tasks, 1790 threads, 8 processors
Load average: 2.23, Mach factor: 5.76
/bin/machine           = unknown
/usr/bin/oslevel       = unknown
/bin/universe          = unknown

PATH: /opt/local/bin
PATH: /opt/local/sbin
PATH: /usr/local/bin
PATH: ~/devtools/automake-1.15/bin/
PATH: ~/devtools/autoconf-2.69/bin/
PATH: /usr/local/bin
PATH: /usr/bin
PATH: /bin
PATH: /usr/sbin
PATH: /sbin
PATH: /Applications/Wireshark.app/Contents/MacOS


## ----------- ##
## Core tests. ##
## ----------- ##

configure:2434: checking for a BSD-compatible install
configure:2502: result: /usr/bin/install -c
configure:2513: checking whether build environment is sane
configure:2568: result: yes
configure:2606: WARNING: 'missing' script is too old or missing
configure:2719: checking for a thread-safe mkdir -p
configure:2758: result: ./install-sh -c -d
configure:2765: checking for gawk
configure:2795: result: no
configure:2765: checking for mawk
configure:2795: result: no
configure:2765: checking for nawk
configure:2795: result: no
configure:2765: checking for awk
configure:2781: found /usr/bin/awk
configure:2792: result: awk
configure:2803: checking whether make sets $(MAKE)
configure:2825: result: yes
configure:2854: checking whether make supports nested variables
configure:2871: result: yes
configure:3053: checking for gcc
configure:3069: found /usr/bin/gcc
configure:3080: result: gcc
configure:3309: checking for C compiler version
configure:3318: gcc --version >&5
Apple LLVM version 9.0.0 (clang-900.0.39.2)
Target: x86_64-apple-darwin17.4.0
Thread model: posix
InstalledDir: /Applications/Xcode.app/Contents/Developer/Toolchains/XcodeDefault.xctoolchain/usr/bin
Configured with: --prefix=/Applications/Xcode.app/Contents/Developer/usr --with-gxx-include-dir=/Applications/Xcode.app/Contents/Developer/Platforms/MacOSX.platform/Developer/SDKs/MacOSX10.13.sdk/usr/include/c++/4.2.1
configure:3329: $? = 0
configure:3318: gcc -v >&5
Configured with: --prefix=/Applications/Xcode.app/Contents/Developer/usr --with-gxx-include-dir=/Applications/Xcode.app/Contents/Developer/Platforms/MacOSX.platform/Developer/SDKs/MacOSX10.13.sdk/usr/include/c++/4.2.1
Apple LLVM version 9.0.0 (clang-900.0.39.2)
Target: x86_64-apple-darwin17.4.0
Thread model: posix
InstalledDir: /Applications/Xcode.app/Contents/Developer/Toolchains/XcodeDefault.xctoolchain/usr/bin
configure:3329: $? = 0
configure:3318: gcc -V >&5
clang: error: argument to '-V' is missing (expected 1 value)
clang: error: no input files
configure:3329: $? = 1
configure:3318: gcc -qversion >&5
clang: error: unknown argument: '-qversion'
clang: error: no input files
configure:3329: $? = 1
configure:3349: checking whether the C compiler works
configure:3371: gcc    conftest.c  >&5
configure:3375: $? = 0
configure:3423: result: yes
configure:3426: checking for C compiler default output file name
configure:3428: result: a.out
configure:3434: checking for suffix of executables
configure:3441: gcc -o conftest    conftest.c  >&5
configure:3445: $? = 0
configure:3467: result: 
configure:3489: checking whether we are cross compiling
configure:3497: gcc -o conftest    conftest.c  >&5
configure:3501: $? = 0
configure:3508: ./conftest
configure:3512: $? = 0
configure:3527: result: no
configure:3532: checking for suffix of object files
configure:3554: gcc -c   conftest.c >&5
configure:3558: $? = 0
configure:3579: result: o
configure:3583: checking whether we are using the GNU C compiler
configure:3602: gcc -c   conftest.c >&5
configure:3602: $? = 0
configure:3611: result: yes
configure:3620: checking whether gcc accepts -g
configure:3640: gcc -c -g  conftest.c >&5
configure:3640: $? = 0
configure:3681: result: yes
configure:3698: checking for gcc option to accept ISO C89
configure:3761: gcc  -c -g -O2  conftest.c >&5
configure:3761: $? = 0
configure:3774: result: none needed
configure:3799: checking whether gcc understands -c and -o together
configure:3821: gcc -c conftest.c -o conftest2.o
configure:3824: $? = 0
configure:3821: gcc -c conftest.c -o conftest2.o
configure:3824: $? = 0
configure:3836: result: yes
configure:3864: checking for style of include used by make
configure:3892: result: GNU
configure:3918: checking dependency style of gcc
configure:4029: result: none
configure:4048: checking for gawk
configure:4075: result: awk
configure:4087: checking whether ln -s works
configure:4091: result: yes
configure:4099: checking for KeyNote
configure:4139: result: no
configure:4292: checking for openssl/ssl.h in /usr/local/opt/openssl
configure:4299: result: yes
configure:4315: checking whether compiling and linking against OpenSSL works
Trying link with OPENSSL_LDFLAGS=-L/usr/local/opt/openssl/lib; OPENSSL_LIBS=-lssl -lcrypto; OPENSSL_INCLUDES=-I/usr/local/opt/openssl/include
configure:4337: gcc -o conftest -g -O2 -I/usr/local/opt/openssl/include   -L/usr/local/opt/openssl/lib conftest.c -lssl -lcrypto  >&5
configure:4337: $? = 0
configure:4339: result: yes
configure:4373: checking how to run the C preprocessor
configure:4404: gcc -E  conftest.c
configure:4404: $? = 0
configure:4418: gcc -E  conftest.c
conftest.c:11:10: fatal error: 'ac_nonexistent.h' file not found
#include <ac_nonexistent.h>
         ^~~~~~~~~~~~~~~~~~
1 error generated.
configure:4418: $? = 1
configure: failed program was:
| /* confdefs.h */
| #define PACKAGE_NAME ""
| #define PACKAGE_TARNAME ""
| #define PACKAGE_VERSION ""
| #define PACKAGE_STRING ""
| #define PACKAGE_BUGREPORT ""
| #define PACKAGE_URL ""
| #define PACKAGE "gzsig"
| #define VERSION "0.1"
| /* end confdefs.h.  */
| #include <ac_nonexistent.h>
configure:4443: result: gcc -E
configure:4463: gcc -E  conftest.c
configure:4463: $? = 0
configure:4477: gcc -E  conftest.c
conftest.c:11:10: fatal error: 'ac_nonexistent.h' file not found
#include <ac_nonexistent.h>
         ^~~~~~~~~~~~~~~~~~
1 error generated.
configure:4477: $? = 1
configure: failed program was:
| /* confdefs.h */
| #define PACKAGE_NAME ""
| #define PACKAGE_TARNAME ""
| #define PACKAGE_VERSION ""
| #define PACKAGE_STRING ""
| #define PACKAGE_BUGREPORT ""
| #define PACKAGE_URL ""
| #define PACKAGE "gzsig"
| #define VERSION "0.1"
| /* end confdefs.h.  */
| #include <ac_nonexistent.h>
configure:4506: checking for grep that handles long lines and -e
configure:4564: result: /usr/bin/grep
configure:4569: checking for egrep
configure:4631: result: /usr/bin/grep -E
configure:4636: checking for ANSI C header files
configure:4656: gcc -c -g -O2  conftest.c >&5
configure:4656: $? = 0
configure:4729: gcc -o conftest -g -O2   conftest.c  >&5
configure:4729: $? = 0
configure:4729: ./conftest
configure:4729: $? = 0
configure:4740: result: yes
configure:4753: checking for sys/types.h
configure:4753: gcc -c -g -O2  conftest.c >&5
configure:4753: $? = 0
configure:4753: result: yes
configure:4753: checking for sys/stat.h
configure:4753: gcc -c -g -O2  conftest.c >&5
configure:4753: $? = 0
configure:4753: result: yes
configure:4753: checking for stdlib.h
configure:4753: gcc -c -g -O2  conftest.c >&5
configure:4753: $? = 0
configure:4753: result: yes
configure:4753: checking for string.h
configure:4753: gcc -c -g -O2  conftest.c >&5
configure:4753: $? = 0
configure:4753: result: yes
configure:4753: checking for memory.h
configure:4753: gcc -c -g -O2  conftest.c >&5
configure:4753: $? = 0
configure:4753: result: yes
configure:4753: checking for strings.h
configure:4753: gcc -c -g -O2  conftest.c >&5
configure:4753: $? = 0
configure:4753: result: yes
configure:4753: checking for inttypes.h
configure:4753: gcc -c -g -O2  conftest.c >&5
configure:4753: $? = 0
configure:4753: result: yes
configure:4753: checking for stdint.h
configure:4753: gcc -c -g -O2  conftest.c >&5
configure:4753: $? = 0
configure:4753: result: yes
configure:4753: checking for unistd.h
configure:4753: gcc -c -g -O2  conftest.c >&5
configure:4753: $? = 0
configure:4753: result: yes
configure:4768: checking fcntl.h usability
configure:4768: gcc -c -g -O2  conftest.c >&5
configure:4768: $? = 0
configure:4768: result: yes
configure:4768: checking fcntl.h presence
configure:4768: gcc -E  conftest.c
configure:4768: $? = 0
configure:4768: result: yes
configure:4768: checking for fcntl.h
configure:4768: result: yes
configure:4768: checking for unistd.h
configure:4768: result: yes
configure:4768: checking arpa/nameser_compat.h usability
configure:4768: gcc -c -g -O2  conftest.c >&5
configure:4768: $? = 0
configure:4768: result: yes
configure:4768: checking arpa/nameser_compat.h presence
configure:4768: gcc -E  conftest.c
configure:4768: $? = 0
configure:4768: result: yes
configure:4768: checking for arpa/nameser_compat.h
configure:4768: result: yes
configure:4779: checking for an ANSI C-conforming const
configure:4845: gcc -c -g -O2  conftest.c >&5
configure:4845: $? = 0
configure:4852: result: yes
configure:4861: checking whether gcc needs -traditional
conftest.c:24:10: fatal error: 'termio.h' file not found
#include <termio.h>
         ^~~~~~~~~~
1 error generated.
configure:4895: result: no
configure:4906: checking for pow in -lm
configure:4931: gcc -o conftest -g -O2 -Wall   conftest.c -lm   >&5
conftest.c:31:6: warning: incompatible redeclaration of library function 'pow' [-Wincompatible-library-redeclaration]
char pow ();
     ^
conftest.c:31:6: note: 'pow' is a builtin with type 'double (double, double)'
1 warning generated.
configure:4931: $? = 0
configure:4940: result: yes
configure:4951: checking for err
configure:4951: gcc -o conftest -g -O2 -Wall   conftest.c -lm  >&5
configure:4951: $? = 0
configure:4951: result: yes
configure:4967: checking for stdint types
configure:4990: gcc -c   conftest.c >&5
configure:4990: $? = 0
configure:5034: result: stdint.h (shortcircuit)
configure:5421: result: make use of stdint.h in gzsig-int.h (assuming C99 compatible system)
configure:5538: checking that generated files are newer than configure
configure:5544: result: done
configure:5567: creating ./config.status

## ---------------------- ##
## Running config.status. ##
## ---------------------- ##

This file was extended by config.status, which was
generated by GNU Autoconf 2.69.  Invocation command line was

  CONFIG_FILES    = 
  CONFIG_HEADERS  = 
  CONFIG_LINKS    = 
  CONFIG_COMMANDS = 
  $ ./config.status 

on Jamess-MacBook-Pro-2.local

config.status:884: creating Makefile
config.status:884: creating config.h
config.status:1113: executing depfiles commands
config.status:1113: executing gzsig-int.h commands
config.status:1214: creating gzsig-int.h : _GZSIG_GZSIG_INT_H

## ---------------- ##
## Cache variables. ##
## ---------------- ##

ac_cv_c_compiler_gnu=yes
ac_cv_c_const=yes
ac_cv_env_CC_set=
ac_cv_env_CC_value=
ac_cv_env_CFLAGS_set=
ac_cv_env_CFLAGS_value=
ac_cv_env_CPPFLAGS_set=
ac_cv_env_CPPFLAGS_value=
ac_cv_env_CPP_set=
ac_cv_env_CPP_value=
ac_cv_env_LDFLAGS_set=
ac_cv_env_LDFLAGS_value=
ac_cv_env_LIBS_set=
ac_cv_env_LIBS_value=
ac_cv_env_build_alias_set=
ac_cv_env_build_alias_value=
ac_cv_env_host_alias_set=
ac_cv_env_host_alias_value=
ac_cv_env_target_alias_set=
ac_cv_env_target_alias_value=
ac_cv_func_err=yes
ac_cv_header_arpa_nameser_compat_h=yes
ac_cv_header_fcntl_h=yes
ac_cv_header_inttypes_h=yes
ac_cv_header_memory_h=yes
ac_cv_header_stdc=yes
ac_cv_header_stdint=stdint.h
ac_cv_header_stdint_h=yes
ac_cv_header_stdint_t=stdint.h
ac_cv_header_stdlib_h=yes
ac_cv_header_string_h=yes
ac_cv_header_strings_h=yes
ac_cv_header_sys_stat_h=yes
ac_cv_header_sys_types_h=yes
ac_cv_header_unistd_h=yes
ac_cv_lib_m_pow=yes
ac_cv_objext=o
ac_cv_path_EGREP='/usr/bin/grep -E'
ac_cv_path_GREP=/usr/bin/grep
ac_cv_path_install='/usr/bin/install -c'
ac_cv_prog_AWK=awk
ac_cv_prog_CPP='gcc -E'
ac_cv_prog_ac_ct_CC=gcc
ac_cv_prog_cc_c89=
ac_cv_prog_cc_g=yes
ac_cv_prog_gcc_traditional=no
ac_cv_prog_make_make_set=yes
ac_cv_stdint_message='using gnu compiler Apple LLVM version 9.0.0 (clang-900.0.39.2)'
ac_cv_stdint_result='(assuming C99 compatible system)'
am_cv_CC_dependencies_compiler_type=none
am_cv_make_support_nested_variables=yes
am_cv_prog_cc_c_o=yes

## ----------------- ##
## Output variables. ##
## ----------------- ##

ACLOCAL='aclocal-1.15'
AMDEPBACKSLASH='\'
AMDEP_FALSE='#'
AMDEP_TRUE=''
AMTAR='$${TAR-tar}'
AM_BACKSLASH='\'
AM_DEFAULT_V='$(AM_DEFAULT_VERBOSITY)'
AM_DEFAULT_VERBOSITY='1'
AM_V='$(V)'
AUTOCONF='autoconf'
AUTOHEADER='autoheader'
AUTOMAKE='automake-1.15'
AWK='awk'
CC='gcc'
CCDEPMODE='depmode=none'
CFLAGS='-g -O2 -Wall'
CPP='gcc -E'
CPPFLAGS=''
CYGPATH_W='echo'
DEFS='-DHAVE_CONFIG_H'
DEPDIR='.deps'
ECHO_C='\c'
ECHO_N=''
ECHO_T=''
EGREP='/usr/bin/grep -E'
EXEEXT=''
GREP='/usr/bin/grep'
INSTALL_DATA='${INSTALL} -m 644'
INSTALL_PROGRAM='${INSTALL}'
INSTALL_SCRIPT='${INSTALL}'
INSTALL_STRIP_PROGRAM='$(install_sh) -c -s'
KNINC=''
KNLIB=''
LDFLAGS=''
LIBOBJS=''
LIBOBJS=''
LIBS='-lm '
LN_S='ln -s'
LTLIBOBJS=''
MAKEINFO='makeinfo'
MKDIR_P='./install-sh -c -d'
OBJEXT='o'
OPENSSL_INCLUDES='-I/usr/local/opt/openssl/include'
OPENSSL_LDFLAGS='-L/usr/local/opt/openssl/lib'
OPENSSL_LIBS='-lssl -lcrypto'
PACKAGE='gzsig'
PACKAGE_BUGREPORT=''
PACKAGE_NAME=''
PACKAGE_STRING=''
PACKAGE_TARNAME=''
PACKAGE_URL=''
PACKAGE_VERSION=''
PATH_SEPARATOR=':'
PKG_CONFIG=''
SET_MAKE=''
SHELL='/bin/sh'
STRIP=''
VERSION='0.1'
ac_ct_CC='gcc'
am__EXEEXT_FALSE=''
am__EXEEXT_TRUE='#'
am__fastdepCC_FALSE=''
am__fastdepCC_TRUE='#'
am__include='include'
am__isrc=''
am__leading_dot='.'
am__nodep='_no'
am__quote=''
am__tar='$${TAR-tar} chof - "$$tardir"'
am__untar='$${TAR-tar} xf -'
bindir='${exec_prefix}/bin'
build_alias=''
datadir='${datarootdir}'
datarootdir='${prefix}/share'
docdir='${datarootdir}/doc/${PACKAGE}'
dvidir='${docdir}'
exec_prefix='${prefix}'
host_alias=''
htmldir='${docdir}'
includedir='${prefix}/include'
infodir='${datarootdir}/info'
install_sh='${SHELL} /Users/jbowman/Projects/gzsig/install-sh'
libdir='${exec_prefix}/lib'
libexecdir='${exec_prefix}/libexec'
localedir='${datarootdir}/locale'
localstatedir='${prefix}/var'
mandir='${datarootdir}/man'
mkdir_p='$(MKDIR_P)'
oldincludedir='/usr/include'
pdfdir='${docdir}'
prefix='/usr/local'
program_transform_name='s,x,x,'
psdir='${docdir}'
sbindir='${exec_prefix}/sbin'
sharedstatedir='${prefix}/com'
sysconfdir='${prefix}/etc'
target_alias=''

## ----------- ##
## confdefs.h. ##
## ----------- ##

/* confdefs.h */
#define PACKAGE_NAME ""
#define PACKAGE_TARNAME ""
#define PACKAGE_VERSION ""
#define PACKAGE_STRING ""
#define PACKAGE_BUGREPORT ""
#define PACKAGE_URL ""
#define PACKAGE "gzsig"
#define VERSION "0.1"
#define STDC_HEADERS 1
#define HAVE_SYS_TYPES_H 1
#define HAVE_SYS_STAT_H 1
#define HAVE_STDLIB_H 1
#define HAVE_STRING_H 1
#define HAVE_MEMORY_H 1
#define HAVE_STRINGS_H 1
#define HAVE_INTTYPES_H 1
#define HAVE_STDINT_H 1
#define HAVE_UNISTD_H 1
#define HAVE_FCNTL_H 1
#define HAVE_UNISTD_H 1
#define HAVE_ARPA_NAMESER_COMPAT_H 1
#define HAVE_LIBM 1
#define HAVE_ERR 1

configure: exit 0
